iniciando estraccion at 2021-06-08 17:40:21.586058
skus en cola 35,514
B083S38WTR
B07L3CTWBV
B01B5BG5UQ
B082G6RK3J
B088ZR1YM3
B00ASDTD1Q
B01MU7ORA5
El sku: B01MU7ORA5 ya esta en la base de datos 
B074CML7LL
B08J2Z93DJ
B07SPMGDYB
B07R46FBL6
B00N4OGLDE
El sku: B00N4OGLDE ya esta en la base de datos 
B08V8VSKMM
B07XVC7C5J
El sku: B07XVC7C5J ya esta en la base de datos 
B08SJH4C9T
B09379CL93
B07R3NB3X9
El sku: B07R3NB3X9 ya esta en la base de datos 
B004V95VXC
B003F5O3TQ
B085PGS2LM
El sku: B085PGS2LM ya esta en la base de datos 
B07DM1DF85
